#
# A fatal error has been detected by the Java Runtime Environment:
#
#  Internal Error (javaClasses.cpp:136), pid=32476, tid=25156
#  fatal error: Invalid layout of preloaded class
#
# JRE version:  (7.0_67-b01) (build )
# Java VM: Java HotSpot(TM) 64-Bit Server VM (24.65-b04 mixed mode windows-amd64 compressed oops)
# Failed to write core dump. Minidumps are not enabled by default on client versions of Windows
#
# If you would like to submit a bug report, please visit:
#   http://bugreport.sun.com/bugreport/crash.jsp
#

---------------  T H R E A D  ---------------

Current thread (0x00000000027a0800):  JavaThread "Unknown thread" [_thread_in_vm, id=25156, stack(0x0000000002680000,0x0000000002780000)]

Stack: [0x0000000002680000,0x0000000002780000]

---------------  P R O C E S S  ---------------

Java Threads: ( => current thread )

Other Threads:

=>0x00000000027a0800 (exited) JavaThread "Unknown thread" [_thread_in_vm, id=25156, stack(0x0000000002680000,0x0000000002780000)]

VM state:not at safepoint (not fully initialized)

VM Mutex/Monitor currently owned by a thread: None

GC Heap History (0 events):
No events

Deoptimization events (0 events):
No events

Internal exceptions (0 events):
No events

Events (10 events):
Event: 0.155 loading class 0x00000000027e4c00 done
Event: 0.155 loading class 0x00000000027e4620 done
Event: 0.155 loading class 0x00000000027e4600
Event: 0.155 loading class 0x00000000027ec760
Event: 0.175 loading class 0x00000000027ec760 done
Event: 0.175 loading class 0x00000000027ec790
Event: 0.175 loading class 0x00000000027ec790 done
Event: 0.175 loading class 0x00000000027ec7c0
Event: 0.175 loading class 0x00000000027ec7c0 done
Event: 0.176 loading class 0x00000000027e4600 done


Dynamic libraries:
0x00007ff67bca0000 - 0x00007ff67bcd3000 	C:\Program Files\Java\jre7\bin\javaw.exe
0x00007ff8619f0000 - 0x00007ff861b96000 	C:\Windows\SYSTEM32\ntdll.dll
0x00007ff861830000 - 0x00007ff86196a000 	C:\Windows\system32\KERNEL32.DLL
0x00007ff85eee0000 - 0x00007ff85efef000 	C:\Windows\system32\KERNELBASE.dll
0x00007ff85d980000 - 0x00007ff85da08000 	C:\Windows\system32\apphelp.dll
0x00007ff859830000 - 0x00007ff85987f000 	C:\Windows\AppPatch\AppPatch64\AcGenral.DLL
0x00007ff85f390000 - 0x00007ff85f437000 	C:\Windows\system32\msvcrt.dll
0x00007ff85eb30000 - 0x00007ff85eb5b000 	C:\Windows\SYSTEM32\SspiCli.dll
0x00007ff85fee0000 - 0x00007ff85ff31000 	C:\Windows\system32\SHLWAPI.dll
0x00007ff85f5d0000 - 0x00007ff85f741000 	C:\Windows\system32\USER32.dll
0x00007ff85fa90000 - 0x00007ff85fc08000 	C:\Windows\system32\ole32.dll
0x00007ff860230000 - 0x00007ff86163f000 	C:\Windows\system32\SHELL32.dll
0x00007ff85e350000 - 0x00007ff85e36e000 	C:\Windows\SYSTEM32\USERENV.dll
0x00007ff85f8a0000 - 0x00007ff85f945000 	C:\Windows\system32\ADVAPI32.dll
0x00007ff857ee0000 - 0x00007ff857efb000 	C:\Windows\SYSTEM32\MPR.dll
0x00007ff85f950000 - 0x00007ff85fa87000 	C:\Windows\system32\RPCRT4.dll
0x00007ff861990000 - 0x00007ff8619e7000 	C:\Windows\SYSTEM32\sechost.dll
0x00007ff861650000 - 0x00007ff861826000 	C:\Windows\SYSTEM32\combase.dll
0x00007ff85f480000 - 0x00007ff85f5c4000 	C:\Windows\system32\GDI32.dll
0x00007ff85ed60000 - 0x00007ff85ed74000 	C:\Windows\SYSTEM32\profapi.dll
0x00007ff85c420000 - 0x00007ff85c4bf000 	C:\Windows\SYSTEM32\SHCORE.dll
0x00007ff85f440000 - 0x00007ff85f474000 	C:\Windows\system32\IMM32.DLL
0x00007ff85f750000 - 0x00007ff85f889000 	C:\Windows\system32\MSCTF.dll
0x00007ff85b050000 - 0x00007ff85b2aa000 	C:\Windows\WinSxS\amd64_microsoft.windows.common-controls_6595b64144ccf1df_6.0.9600.17031_none_6242a4b3ecbb55a1\COMCTL32.dll
0x0000000075230000 - 0x0000000075302000 	C:\Program Files\Java\jre7\bin\msvcr100.dll
0x0000000074a50000 - 0x0000000075222000 	C:\Program Files\Java\jre7\bin\server\jvm.dll
0x00007ff857d40000 - 0x00007ff857d49000 	C:\Windows\SYSTEM32\WSOCK32.dll
0x00007ff84f230000 - 0x00007ff84f24f000 	C:\Windows\SYSTEM32\WINMM.dll
0x00007ff860120000 - 0x00007ff860127000 	C:\Windows\system32\PSAPI.DLL
0x00007ff8601d0000 - 0x00007ff860228000 	C:\Windows\system32\WS2_32.dll
0x00007ff84f200000 - 0x00007ff84f22a000 	C:\Windows\SYSTEM32\WINMMBASE.dll
0x00007ff85f2d0000 - 0x00007ff85f2d9000 	C:\Windows\system32\NSI.dll
0x00007ff85f220000 - 0x00007ff85f26a000 	C:\Windows\SYSTEM32\cfgmgr32.dll
0x00007ff85dbc0000 - 0x00007ff85dbe6000 	C:\Windows\SYSTEM32\DEVOBJ.dll
0x0000000074a40000 - 0x0000000074a4f000 	C:\Program Files\Java\jre7\bin\verify.dll
0x0000000074a10000 - 0x0000000074a38000 	C:\Program Files\Java\jre7\bin\java.dll
0x00000000749f0000 - 0x0000000074a05000 	C:\Program Files\Java\jre7\bin\zip.dll

VM Arguments:
jvm_args: -Dfile.encoding=Cp1252 -Xbootclasspath:D:\adt\sdk\platforms\android-20\android.jar 
java_command: com.example.soft.WebService
Launcher Type: SUN_STANDARD

Environment Variables:
PATH=C:\Windows\system32;C:\Windows;C:\Windows\System32\Wbem;C:\Windows\System32\WindowsPowerShell\v1.0\;C:\Program Files\Microsoft\Web Platform Installer\;C:\Program Files (x86)\Microsoft ASP.NET\ASP.NET Web Pages\v1.0\;C:\Program Files (x86)\Windows Kits\8.0\Windows Performance Toolkit\;C:\Program Files\Microsoft SQL Server\110\Tools\Binn\;C:\Program Files\Microsoft SQL Server\110\DTS\Binn\;C:\Program Files (x86)\Microsoft SQL Server\110\Tools\Binn\;C:\Program Files (x86)\Microsoft SQL Server\110\Tools\Binn\ManagementStudio\;C:\Program Files (x86)\Microsoft Visual Studio 10.0\Common7\IDE\PrivateAssemblies\;C:\Program Files (x86)\Microsoft SQL Server\110\DTS\Binn\;C:\Program Files (x86)\CloudFoundry;C:\Program Files\Java\jdk1.7.0_67\bin
USERNAME=Kubra Macit
OS=Windows_NT
PROCESSOR_IDENTIFIER=Intel64 Family 6 Model 58 Stepping 9, GenuineIntel



---------------  S Y S T E M  ---------------

OS: Windows 8.1 , 64 bit Build 9600 

CPU:total 4 (2 cores per cpu, 2 threads per core) family 6 model 58 stepping 9, cmov, cx8, fxsr, mmx, sse, sse2, sse3, ssse3, sse4.1, sse4.2, popcnt, avx, aes, erms, ht, tsc, tscinvbit, tscinv

Memory: 4k page, physical 8347444k(2218912k free), swap 9658164k(1386252k free)

vm_info: Java HotSpot(TM) 64-Bit Server VM (24.65-b04) for windows-amd64 JRE (1.7.0_67-b01), built on Jul 25 2014 08:55:00 by "java_re" with unknown MS VC++:1600

time: Sun Dec 21 01:08:52 2014
elapsed time: 0 seconds

